0 info it worked if it ends with ok
1 verbose cli [ 'C:\\Program Files (x86)\\nodejs\\node.exe',
1 verbose cli   'C:\\Program Files (x86)\\nodejs\\node_modules\\npm\\bin\\npm-cli.js',
1 verbose cli   'run',
1 verbose cli   'dev' ]
2 info using npm@3.10.8
3 info using node@v6.9.1
4 verbose run-script [ 'predev', 'dev', 'postdev' ]
5 info lifecycle magic-legions-tactics@1.0.0~predev: magic-legions-tactics@1.0.0
6 silly lifecycle magic-legions-tactics@1.0.0~predev: no script for predev, continuing
7 info lifecycle magic-legions-tactics@1.0.0~dev: magic-legions-tactics@1.0.0
8 verbose lifecycle magic-legions-tactics@1.0.0~dev: unsafe-perm in lifecycle true
9 verbose lifecycle magic-legions-tactics@1.0.0~dev: PATH: C:\Program Files (x86)\nodejs\node_modules\npm\bin\node-gyp-bin;C:\Users\sebastien.martin\Documents\Magic-Legions\RIA2\node_modules\.bin;C:\ProgramData\Oracle\Java\javapath;C:\Windows\system32;C:\Windows;C:\Windows\System32\Wbem;C:\Windows\System32\WindowsPowerShell\v1.0\;C:\Program Files (x86)\Brackets\command;C:\Windows\system32\config\systemprofile\.dnx\bin;C:\Program Files\Microsoft DNX\Dnvm\;C:\Program Files (x86)\Windows Kits\8.1\Windows Performance Toolkit\;C:\Program Files\Microsoft SQL Server\130\Tools\Binn\;C:\Program Files\Git\cmd;C:\xampp\php;C:\ProgramData\ComposerSetup\bin;C:\Program Files (x86)\nodejs\;C:\Program Files\Microsoft SQL Server\Client SDK\ODBC\110\Tools\Binn\;C:\Program Files (x86)\Microsoft SQL Server\120\Tools\Binn\;C:\Program Files\Microsoft SQL Server\120\Tools\Binn\;C:\Program Files\Microsoft SQL Server\120\DTS\Binn\;C:\Program Files (x86)\Microsoft SQL Server\120\Tools\Binn\ManagementStudio\;C:\Program Files (x86)\Microsoft SQL Server\120\DTS\Binn\;C:\Users\sebastien.martin\AppData\Roaming\Composer\vendor\bin;C:\Users\sebastien.martin\AppData\Roaming\npm;C:\Users\sebastien.martin\AppData\Local\atom\bin;C:\Program Files (x86)\Microsoft VS Code\bin;C:\Program Files (x86)\Java\jre1.8.0_31\bin
10 verbose lifecycle magic-legions-tactics@1.0.0~dev: CWD: C:\Users\sebastien.martin\Documents\Magic-Legions\RIA2
11 silly lifecycle magic-legions-tactics@1.0.0~dev: Args: [ '/d /s /c', 'webpack' ]
12 silly lifecycle magic-legions-tactics@1.0.0~dev: Returned: code: 3221225786  signal: null
13 info lifecycle magic-legions-tactics@1.0.0~dev: Failed to exec dev script
14 verbose stack Error: magic-legions-tactics@1.0.0 dev: `webpack`
14 verbose stack Exit status 3221225786
14 verbose stack     at EventEmitter.<anonymous> (C:\Program Files (x86)\nodejs\node_modules\npm\lib\utils\lifecycle.js:255:16)
14 verbose stack     at emitTwo (events.js:106:13)
14 verbose stack     at EventEmitter.emit (events.js:191:7)
14 verbose stack     at ChildProcess.<anonymous> (C:\Program Files (x86)\nodejs\node_modules\npm\lib\utils\spawn.js:40:14)
14 verbose stack     at emitTwo (events.js:106:13)
14 verbose stack     at ChildProcess.emit (events.js:191:7)
14 verbose stack     at maybeClose (internal/child_process.js:877:16)
14 verbose stack     at Process.ChildProcess._handle.onexit (internal/child_process.js:226:5)
15 verbose pkgid magic-legions-tactics@1.0.0
16 verbose cwd C:\Users\sebastien.martin\Documents\Magic-Legions\RIA2
17 error Windows_NT 6.1.7601
18 error argv "C:\\Program Files (x86)\\nodejs\\node.exe" "C:\\Program Files (x86)\\nodejs\\node_modules\\npm\\bin\\npm-cli.js" "run" "dev"
19 error node v6.9.1
20 error npm  v3.10.8
21 error code ELIFECYCLE
22 error magic-legions-tactics@1.0.0 dev: `webpack`
22 error Exit status 3221225786
23 error Failed at the magic-legions-tactics@1.0.0 dev script 'webpack'.
23 error Make sure you have the latest version of node.js and npm installed.
23 error If you do, this is most likely a problem with the magic-legions-tactics package,
23 error not with npm itself.
23 error Tell the author that this fails on your system:
23 error     webpack
23 error You can get information on how to open an issue for this project with:
23 error     npm bugs magic-legions-tactics
23 error Or if that isn't available, you can get their info via:
23 error     npm owner ls magic-legions-tactics
23 error There is likely additional logging output above.
24 verbose exit [ 1, true ]
